2025-06-14 08:35:46,641 - INFO - Starting fast_sev
2025-06-14 08:35:46,648 - INFO - Renamed: Cheap Old Houses_S01E01_Time Warp in Upstate New York.mkv -> Cheap.Old.Houses.S01E01.1080p.AMZN.WEB-DL.H264.EAC3-PLZRWD.mkv
2025-06-14 08:35:46,653 - INFO - Renamed: Cheap Old Houses_S01E02_Peoria_ Cheap Old House Heaven.mkv -> Cheap.Old.Houses.S01E02.1080p.AMZN.WEB-DL.H264.EAC3-PLZRWD.mkv
2025-06-14 08:35:46,659 - INFO - Renamed: Cheap Old Houses_S01E03_ITS_ SO_ OLD_ Built in 1750.mkv -> Cheap.Old.Houses.S01E03.1080p.AMZN.WEB-DL.H264.EAC3-PLZRWD.mkv
2025-06-14 08:35:46,663 - INFO - Renamed: Cheap Old Houses_S01E04_A Midcentury Gem Under $150K.mkv -> Cheap.Old.Houses.S01E04.1080p.AMZN.WEB-DL.H264.EAC3-PLZRWD.mkv
2025-06-14 08:35:46,668 - INFO - Renamed: Cheap Old Houses_S01E05_Monster Midwest Mansions.mkv -> Cheap.Old.Houses.S01E05.1080p.AMZN.WEB-DL.H264.EAC3-PLZRWD.mkv
2025-06-14 08:35:46,674 - INFO - Renamed: Cheap Old Houses_S01E06_Playful Indiana Victorians.mkv -> Cheap.Old.Houses.S01E06.1080p.AMZN.WEB-DL.H264.EAC3-PLZRWD.mkv
2025-06-14 08:35:46,679 - INFO - Renamed: Cheap Old Houses_S01E07_Cheap Old Farmhouse Dreams!.mkv -> Cheap.Old.Houses.S01E07.1080p.AMZN.WEB-DL.H264.EAC3-PLZRWD.mkv
2025-06-14 08:35:46,683 - INFO - Renamed: Cheap Old Houses_S01E08_A Hotel for $8 a Square Foot.mkv -> Cheap.Old.Houses.S01E08.1080p.AMZN.WEB-DL.H264.EAC3-PLZRWD.mkv
2025-06-14 08:35:46,688 - INFO - Renamed: Cheap Old Houses_S01E09_Cheap Old Barns and Ballrooms!.mkv -> Cheap.Old.Houses.S01E09.1080p.AMZN.WEB-DL.H264.EAC3-PLZRWD.mkv
2025-06-14 08:35:46,692 - INFO - Renamed: Cheap Old Houses_S01E10_The Cheapest Old House.mkv -> Cheap.Old.Houses.S01E10.1080p.AMZN.WEB-DL.H264.EAC3-PLZRWD.mkv
2025-06-14 08:35:46,702 - INFO - Renamed: Cheap Old Houses - Season season 1.nfo -> Cheap.Old.Houses.S01E10.1080p.AMZN.WEB-DL.H264.EAC3-PLZRWD.nfo
2025-06-14 08:35:46,707 - INFO - Renamed: Cheap Old Houses - Season 01 -> Cheap.Old.Houses.S01.1080p.AMZN.WEB-DL.H264.EAC3-PLZRWD
2025-06-14 08:44:31,597 - INFO - Starting fast_sev
2025-06-14 08:44:31,600 - ERROR - File not found: /Volumes/barbossa/upload/tor/Cheap Old Houses - Season 01/Cheap Old Houses_S01E01_Time Warp in Upstate New York.mkv
2025-06-14 08:44:31,601 - ERROR - File not found: /Volumes/barbossa/upload/tor/Cheap Old Houses - Season 01/Cheap Old Houses_S01E02_Peoria_ Cheap Old House Heaven.mkv
2025-06-14 08:44:31,601 - ERROR - File not found: /Volumes/barbossa/upload/tor/Cheap Old Houses - Season 01/Cheap Old Houses_S01E03_ITS_ SO_ OLD_ Built in 1750.mkv
2025-06-14 08:44:31,601 - ERROR - File not found: /Volumes/barbossa/upload/tor/Cheap Old Houses - Season 01/Cheap Old Houses_S01E04_A Midcentury Gem Under $150K.mkv
2025-06-14 08:44:31,601 - ERROR - File not found: /Volumes/barbossa/upload/tor/Cheap Old Houses - Season 01/Cheap Old Houses_S01E05_Monster Midwest Mansions.mkv
2025-06-14 08:44:31,601 - ERROR - File not found: /Volumes/barbossa/upload/tor/Cheap Old Houses - Season 01/Cheap Old Houses_S01E06_Playful Indiana Victorians.mkv
2025-06-14 08:44:31,601 - ERROR - File not found: /Volumes/barbossa/upload/tor/Cheap Old Houses - Season 01/Cheap Old Houses_S01E07_Cheap Old Farmhouse Dreams!.mkv
2025-06-14 08:44:31,601 - ERROR - File not found: /Volumes/barbossa/upload/tor/Cheap Old Houses - Season 01/Cheap Old Houses_S01E08_A Hotel for $8 a Square Foot.mkv
2025-06-14 08:44:31,601 - ERROR - File not found: /Volumes/barbossa/upload/tor/Cheap Old Houses - Season 01/Cheap Old Houses_S01E09_Cheap Old Barns and Ballrooms!.mkv
2025-06-14 08:44:31,601 - ERROR - File not found: /Volumes/barbossa/upload/tor/Cheap Old Houses - Season 01/Cheap Old Houses_S01E10_The Cheapest Old House.mkv
2025-06-14 08:47:43,095 - INFO - Starting fast_sev
2025-06-14 08:47:43,101 - INFO - Renamed: Cheap Old Houses_S01E01_Time Warp in Upstate New York.mkv -> Cheap.Old.Houses.S01E01.1080p.AMZN.WEB-DL.H264.EAC3-PLZRWD.mkv
2025-06-14 08:47:43,107 - INFO - Renamed: Cheap Old Houses_S01E02_Peoria_ Cheap Old House Heaven.mkv -> Cheap.Old.Houses.S01E02.1080p.AMZN.WEB-DL.H264.EAC3-PLZRWD.mkv
2025-06-14 08:47:43,112 - INFO - Renamed: Cheap Old Houses_S01E03_ITS_ SO_ OLD_ Built in 1750.mkv -> Cheap.Old.Houses.S01E03.1080p.AMZN.WEB-DL.H264.EAC3-PLZRWD.mkv
2025-06-14 08:47:43,116 - INFO - Renamed: Cheap Old Houses_S01E04_A Midcentury Gem Under $150K.mkv -> Cheap.Old.Houses.S01E04.1080p.AMZN.WEB-DL.H264.EAC3-PLZRWD.mkv
2025-06-14 08:47:43,121 - INFO - Renamed: Cheap Old Houses_S01E05_Monster Midwest Mansions.mkv -> Cheap.Old.Houses.S01E05.1080p.AMZN.WEB-DL.H264.EAC3-PLZRWD.mkv
2025-06-14 08:47:43,125 - INFO - Renamed: Cheap Old Houses_S01E06_Playful Indiana Victorians.mkv -> Cheap.Old.Houses.S01E06.1080p.AMZN.WEB-DL.H264.EAC3-PLZRWD.mkv
2025-06-14 08:47:43,130 - INFO - Renamed: Cheap Old Houses_S01E07_Cheap Old Farmhouse Dreams!.mkv -> Cheap.Old.Houses.S01E07.1080p.AMZN.WEB-DL.H264.EAC3-PLZRWD.mkv
2025-06-14 08:47:43,134 - INFO - Renamed: Cheap Old Houses_S01E08_A Hotel for $8 a Square Foot.mkv -> Cheap.Old.Houses.S01E08.1080p.AMZN.WEB-DL.H264.EAC3-PLZRWD.mkv
2025-06-14 08:47:43,139 - INFO - Renamed: Cheap Old Houses_S01E09_Cheap Old Barns and Ballrooms!.mkv -> Cheap.Old.Houses.S01E09.1080p.AMZN.WEB-DL.H264.EAC3-PLZRWD.mkv
2025-06-14 08:47:43,143 - INFO - Renamed: Cheap Old Houses_S01E10_The Cheapest Old House.mkv -> Cheap.Old.Houses.S01E10.1080p.AMZN.WEB-DL.H264.EAC3-PLZRWD.mkv
2025-06-14 08:47:43,156 - INFO - Renamed: Cheap Old Houses - Season 01 -> Cheap.Old.Houses.S01.1080p.AMZN.WEB-DL.H264.EAC3-PLZRWD
2025-06-14 08:52:06,425 - INFO - Starting fast_sev
2025-06-14 08:52:06,432 - INFO - Renamed: Cheap Old Houses_S01E01_Time Warp in Upstate New York.mkv -> Cheap.Old.Houses.S01E01.1080p.AMZN.WEB-DL.H264.EAC3-PLZRWD.mkv
2025-06-14 08:52:06,437 - INFO - Renamed: Cheap Old Houses_S01E02_Peoria_ Cheap Old House Heaven.mkv -> Cheap.Old.Houses.S01E02.1080p.AMZN.WEB-DL.H264.EAC3-PLZRWD.mkv
2025-06-14 08:52:06,442 - INFO - Renamed: Cheap Old Houses_S01E03_ITS_ SO_ OLD_ Built in 1750.mkv -> Cheap.Old.Houses.S01E03.1080p.AMZN.WEB-DL.H264.EAC3-PLZRWD.mkv
2025-06-14 08:52:06,447 - INFO - Renamed: Cheap Old Houses_S01E04_A Midcentury Gem Under $150K.mkv -> Cheap.Old.Houses.S01E04.1080p.AMZN.WEB-DL.H264.EAC3-PLZRWD.mkv
2025-06-14 08:52:06,451 - INFO - Renamed: Cheap Old Houses_S01E05_Monster Midwest Mansions.mkv -> Cheap.Old.Houses.S01E05.1080p.AMZN.WEB-DL.H264.EAC3-PLZRWD.mkv
2025-06-14 08:52:06,456 - INFO - Renamed: Cheap Old Houses_S01E06_Playful Indiana Victorians.mkv -> Cheap.Old.Houses.S01E06.1080p.AMZN.WEB-DL.H264.EAC3-PLZRWD.mkv
2025-06-14 08:52:06,461 - INFO - Renamed: Cheap Old Houses_S01E07_Cheap Old Farmhouse Dreams!.mkv -> Cheap.Old.Houses.S01E07.1080p.AMZN.WEB-DL.H264.EAC3-PLZRWD.mkv
2025-06-14 08:52:06,466 - INFO - Renamed: Cheap Old Houses_S01E08_A Hotel for $8 a Square Foot.mkv -> Cheap.Old.Houses.S01E08.1080p.AMZN.WEB-DL.H264.EAC3-PLZRWD.mkv
2025-06-14 08:52:06,472 - INFO - Renamed: Cheap Old Houses_S01E09_Cheap Old Barns and Ballrooms!.mkv -> Cheap.Old.Houses.S01E09.1080p.AMZN.WEB-DL.H264.EAC3-PLZRWD.mkv
2025-06-14 08:52:06,478 - INFO - Renamed: Cheap Old Houses_S01E10_The Cheapest Old House.mkv -> Cheap.Old.Houses.S01E10.1080p.AMZN.WEB-DL.H264.EAC3-PLZRWD.mkv
2025-06-14 08:52:06,489 - INFO - Renamed: Cheap.Old.Houses.S01E10.1080p.AMZN.WEB-DL.H264.EAC3-PLZRWD.nfo -> Cheap.Old.Houses.S01.1080p.AMZN.WEB-DL.H264.EAC3-PLZRWD.nfo
2025-06-14 08:52:06,494 - INFO - Renamed: Cheap Old Houses - Season 01 -> Cheap.Old.Houses.S01.1080p.AMZN.WEB-DL.H264.EAC3-PLZRWD
