2025-06-12 20:41:58,987 - MainThread - INFO - Detailed logging enabled - log file: oil_change_1749775318.log
2025-06-12 20:41:58,987 - MainThread - DEBUG - System: Darwin 24.5.0
2025-06-12 20:41:58,987 - MainThread - DEBUG - Python: 3.13.3 (main, Apr  8 2025, 13:54:08) [Clang 17.0.0 (clang-1700.0.13.3)]
2025-06-12 20:41:58,987 - MainThread - DEBUG - Current working directory: /Users/bryant/Documents/bekindrewind
2025-06-12 20:41:58,987 - MainThread - INFO - Logging enabled: True
2025-06-12 20:41:58,987 - MainThread - INFO - Target location: /Volumes/barbossa/upload/tor
2025-06-12 20:41:58,988 - MainThread - INFO - Available disk space: 60727.1 GB
2025-06-12 20:41:58,988 - MainThread - INFO - Step 2: Loading import data from database...
2025-06-12 20:41:58,989 - MainThread - INFO - Found 10 valid records in import_tuner table
2025-06-12 20:41:58,989 - MainThread - INFO - Found 10 records to process
2025-06-12 20:41:58,989 - MainThread - INFO - Torrent type distribution:
2025-06-12 20:41:58,989 - MainThread - INFO -   season: 10 files
2025-06-12 20:41:58,989 - MainThread - INFO - Step 3-4: Processing files...
2025-06-12 20:41:58,989 - MainThread - INFO - Using 3 worker threads
2025-06-12 20:41:58,989 - FileProcessor_0 - DEBUG - Processing: Cheap Old Houses_S01E01_Time Warp in Upstate New York.mkv (2,248,949,815 bytes)
2025-06-12 20:41:58,989 - MainThread - INFO - Submitted 10 processing tasks
2025-06-12 20:41:58,989 - FileProcessor_1 - DEBUG - Processing: Cheap Old Houses_S01E03_ITS_ SO_ OLD_ Built in 1750.mkv (2,290,923,638 bytes)
2025-06-12 20:41:58,989 - FileProcessor_2 - DEBUG - Processing: Cheap Old Houses_S01E06_Playful Indiana Victorians.mkv (2,290,868,155 bytes)
2025-06-12 20:41:58,989 - FileProcessor_0 - DEBUG - Disk space check passed. File: 2,248,949,815 bytes, Available: 65,205,195,018,240 bytes
2025-06-12 20:41:58,989 - FileProcessor_1 - DEBUG - Disk space check passed. File: 2,290,923,638 bytes, Available: 65,205,195,018,240 bytes
2025-06-12 20:41:58,989 - FileProcessor_2 - DEBUG - Disk space check passed. File: 2,290,868,155 bytes, Available: 65,205,195,018,240 bytes
2025-06-12 20:41:58,989 - FileProcessor_0 - DEBUG - Verifying checksum for Cheap Old Houses_S01E01_Time Warp in Upstate New York.mkv (2,248,949,815 bytes)
2025-06-12 20:41:58,989 - FileProcessor_1 - DEBUG - Verifying checksum for Cheap Old Houses_S01E03_ITS_ SO_ OLD_ Built in 1750.mkv (2,290,923,638 bytes)
2025-06-12 20:41:58,989 - FileProcessor_2 - DEBUG - Verifying checksum for Cheap Old Houses_S01E06_Playful Indiana Victorians.mkv (2,290,868,155 bytes)
2025-06-12 20:42:00,134 - FileProcessor_0 - DEBUG - Checksum verification: 25%
2025-06-12 20:42:00,142 - FileProcessor_1 - DEBUG - Checksum verification: 25%
2025-06-12 20:42:00,154 - FileProcessor_2 - DEBUG - Checksum verification: 25%
2025-06-12 20:42:01,270 - FileProcessor_0 - DEBUG - Checksum verification: 50%
2025-06-12 20:42:01,292 - FileProcessor_1 - DEBUG - Checksum verification: 50%
2025-06-12 20:42:01,311 - FileProcessor_2 - DEBUG - Checksum verification: 50%
2025-06-12 20:42:02,420 - FileProcessor_0 - DEBUG - Checksum verification: 75%
2025-06-12 20:42:02,447 - FileProcessor_1 - DEBUG - Checksum verification: 75%
2025-06-12 20:42:02,478 - FileProcessor_2 - DEBUG - Checksum verification: 75%
2025-06-12 20:42:03,577 - FileProcessor_0 - DEBUG - Checksum verified successfully: Cheap Old Houses_S01E01_Time Warp in Upstate New York.mkv
2025-06-12 20:42:03,577 - FileProcessor_0 - DEBUG - Creating structure - Series: 'Cheap Old Houses', Season: 'Season 01', Episode: 'Episode 01', Type: 'season'
2025-06-12 20:42:03,582 - FileProcessor_0 - DEBUG - Created directory: /Volumes/barbossa/upload/tor/Cheap Old Houses - Season 01
2025-06-12 20:42:03,584 - FileProcessor_0 - INFO - Copying: Cheap Old Houses_S01E01_Time Warp in Upstate New York.mkv -> Cheap Old Houses - Season 01
2025-06-12 20:42:03,589 - FileProcessor_0 - DEBUG - Found rsync at: rsync
2025-06-12 20:42:03,590 - FileProcessor_0 - DEBUG - Running rsync: rsync -avh --progress --partial --inplace --sparse --compress /Volumes/barbossa/upload/upl/Cheap Old Houses/S01/Cheap Old Houses_S01E01_Time Warp in Upstate New York.mkv /Volumes/barbossa/upload/tor/Cheap Old Houses - Season 01/Cheap Old Houses_S01E01_Time Warp in Upstate New York.mkv
2025-06-12 20:42:03,593 - FileProcessor_1 - DEBUG - Checksum verified successfully: Cheap Old Houses_S01E03_ITS_ SO_ OLD_ Built in 1750.mkv
2025-06-12 20:42:03,593 - FileProcessor_1 - DEBUG - Creating structure - Series: 'Cheap Old Houses', Season: 'Season 01', Episode: 'Episode 03', Type: 'season'
2025-06-12 20:42:03,595 - FileProcessor_1 - DEBUG - Created directory: /Volumes/barbossa/upload/tor/Cheap Old Houses - Season 01
2025-06-12 20:42:03,596 - FileProcessor_1 - INFO - Copying: Cheap Old Houses_S01E03_ITS_ SO_ OLD_ Built in 1750.mkv -> Cheap Old Houses - Season 01
2025-06-12 20:42:03,599 - FileProcessor_1 - DEBUG - Found rsync at: rsync
2025-06-12 20:42:03,600 - FileProcessor_1 - DEBUG - Running rsync: rsync -avh --progress --partial --inplace --sparse --compress /Volumes/barbossa/upload/upl/Cheap Old Houses/S01/Cheap Old Houses_S01E03_ITS_ SO_ OLD_ Built in 1750.mkv /Volumes/barbossa/upload/tor/Cheap Old Houses - Season 01/Cheap Old Houses_S01E03_ITS_ SO_ OLD_ Built in 1750.mkv
2025-06-12 20:42:03,605 - FileProcessor_2 - DEBUG - Checksum verified successfully: Cheap Old Houses_S01E06_Playful Indiana Victorians.mkv
2025-06-12 20:42:03,606 - FileProcessor_2 - DEBUG - Creating structure - Series: 'Cheap Old Houses', Season: 'Season 01', Episode: 'Episode 06', Type: 'season'
2025-06-12 20:42:03,607 - FileProcessor_2 - DEBUG - Created directory: /Volumes/barbossa/upload/tor/Cheap Old Houses - Season 01
2025-06-12 20:42:03,608 - FileProcessor_2 - INFO - Copying: Cheap Old Houses_S01E06_Playful Indiana Victorians.mkv -> Cheap Old Houses - Season 01
2025-06-12 20:42:03,610 - FileProcessor_2 - DEBUG - Found rsync at: rsync
2025-06-12 20:42:03,611 - FileProcessor_2 - DEBUG - Running rsync: rsync -avh --progress --partial --inplace --sparse --compress /Volumes/barbossa/upload/upl/Cheap Old Houses/S01/Cheap Old Houses_S01E06_Playful Indiana Victorians.mkv /Volumes/barbossa/upload/tor/Cheap Old Houses - Season 01/Cheap Old Houses_S01E06_Playful Indiana Victorians.mkv
2025-06-12 20:43:04,344 - FileProcessor_0 - INFO - rsync completed: Cheap Old Houses_S01E01_Time Warp in Upstate New York.mkv (2,248,949,815 bytes) in 60.8s (35.3 MB/s)
2025-06-12 20:43:04,344 - FileProcessor_0 - DEBUG - Verifying checksum for Cheap Old Houses_S01E01_Time Warp in Upstate New York.mkv (2,248,949,815 bytes)
2025-06-12 20:43:05,044 - FileProcessor_0 - DEBUG - Checksum verification: 25%
2025-06-12 20:43:05,346 - FileProcessor_1 - INFO - rsync completed: Cheap Old Houses_S01E03_ITS_ SO_ OLD_ Built in 1750.mkv (2,290,923,638 bytes) in 61.7s (35.4 MB/s)
2025-06-12 20:43:05,346 - FileProcessor_1 - DEBUG - Verifying checksum for Cheap Old Houses_S01E03_ITS_ SO_ OLD_ Built in 1750.mkv (2,290,923,638 bytes)
2025-06-12 20:43:05,443 - FileProcessor_2 - INFO - rsync completed: Cheap Old Houses_S01E06_Playful Indiana Victorians.mkv (2,290,868,155 bytes) in 61.8s (35.3 MB/s)
2025-06-12 20:43:05,443 - FileProcessor_2 - DEBUG - Verifying checksum for Cheap Old Houses_S01E06_Playful Indiana Victorians.mkv (2,290,868,155 bytes)
2025-06-12 20:43:05,952 - FileProcessor_0 - DEBUG - Checksum verification: 50%
2025-06-12 20:43:06,952 - FileProcessor_1 - DEBUG - Checksum verification: 25%
2025-06-12 20:43:07,160 - FileProcessor_2 - DEBUG - Checksum verification: 25%
2025-06-12 20:43:07,441 - FileProcessor_0 - DEBUG - Checksum verification: 75%
2025-06-12 20:43:08,415 - FileProcessor_1 - DEBUG - Checksum verification: 50%
2025-06-12 20:43:08,574 - FileProcessor_2 - DEBUG - Checksum verification: 50%
2025-06-12 20:43:08,909 - FileProcessor_0 - DEBUG - Checksum verified successfully: Cheap Old Houses_S01E01_Time Warp in Upstate New York.mkv
2025-06-12 20:43:08,911 - FileProcessor_0 - DEBUG - Database updated: a698c874540bf46239a7d867f1742cf92353f7c1cc9ad30cd6880a16e6a1e3ae -> /Volumes/barbossa/upload/tor/Cheap Old Houses - Season 01/Cheap Old Houses_S01E01_Time Warp in Upstate New York.mkv
2025-06-12 20:43:08,939 - FileProcessor_0 - DEBUG - Processing: Cheap Old Houses_S01E04_A Midcentury Gem Under $150K.mkv (2,284,593,863 bytes)
2025-06-12 20:43:08,944 - MainThread - INFO - ✓ [1/10] Successfully processed: Cheap Old Houses_S01E01_Time Warp in Upstate New York.mkv
2025-06-12 20:43:08,944 - FileProcessor_0 - DEBUG - Disk space check passed. File: 2,284,593,863 bytes, Available: 65,202,648,883,200 bytes
2025-06-12 20:43:08,944 - FileProcessor_0 - DEBUG - Verifying checksum for Cheap Old Houses_S01E04_A Midcentury Gem Under $150K.mkv (2,284,593,863 bytes)
2025-06-12 20:43:09,773 - FileProcessor_1 - DEBUG - Checksum verification: 75%
2025-06-12 20:43:09,946 - FileProcessor_2 - DEBUG - Checksum verification: 75%
2025-06-12 20:43:10,145 - FileProcessor_0 - DEBUG - Checksum verification: 25%
2025-06-12 20:43:11,054 - FileProcessor_1 - DEBUG - Checksum verified successfully: Cheap Old Houses_S01E03_ITS_ SO_ OLD_ Built in 1750.mkv
2025-06-12 20:43:11,056 - FileProcessor_1 - DEBUG - Database updated: b3d6ac6c9a2a6292f91a9b121179317dc47f705e53f1441746afd41c2c8404a8 -> /Volumes/barbossa/upload/tor/Cheap Old Houses - Season 01/Cheap Old Houses_S01E03_ITS_ SO_ OLD_ Built in 1750.mkv
2025-06-12 20:43:11,057 - FileProcessor_1 - DEBUG - Processing: Cheap Old Houses_S01E08_A Hotel for $8 a Square Foot.mkv (2,214,395,043 bytes)
2025-06-12 20:43:11,057 - FileProcessor_1 - DEBUG - Disk space check passed. File: 2,214,395,043 bytes, Available: 65,202,648,883,200 bytes
2025-06-12 20:43:11,057 - FileProcessor_1 - DEBUG - Verifying checksum for Cheap Old Houses_S01E08_A Hotel for $8 a Square Foot.mkv (2,214,395,043 bytes)
2025-06-12 20:43:11,058 - MainThread - INFO - ✓ [2/10] Successfully processed: Cheap Old Houses_S01E03_ITS_ SO_ OLD_ Built in 1750.mkv
2025-06-12 20:43:11,215 - FileProcessor_2 - DEBUG - Checksum verified successfully: Cheap Old Houses_S01E06_Playful Indiana Victorians.mkv
2025-06-12 20:43:11,217 - FileProcessor_2 - DEBUG - Database updated: 62a9d2761874df1cc5c7b43b881d3e833945c868421008e74abc13657811adc3 -> /Volumes/barbossa/upload/tor/Cheap Old Houses - Season 01/Cheap Old Houses_S01E06_Playful Indiana Victorians.mkv
2025-06-12 20:43:11,218 - FileProcessor_2 - DEBUG - Processing: Cheap Old Houses_S01E05_Monster Midwest Mansions.mkv (2,359,735,681 bytes)
2025-06-12 20:43:11,218 - FileProcessor_2 - DEBUG - Disk space check passed. File: 2,359,735,681 bytes, Available: 65,202,648,883,200 bytes
2025-06-12 20:43:11,218 - FileProcessor_2 - DEBUG - Verifying checksum for Cheap Old Houses_S01E05_Monster Midwest Mansions.mkv (2,359,735,681 bytes)
2025-06-12 20:43:11,219 - MainThread - INFO - ✓ [3/10] Successfully processed: Cheap Old Houses_S01E06_Playful Indiana Victorians.mkv
2025-06-12 20:43:11,228 - FileProcessor_0 - DEBUG - Checksum verification: 50%
2025-06-12 20:43:12,168 - FileProcessor_1 - DEBUG - Checksum verification: 25%
2025-06-12 20:43:12,379 - FileProcessor_0 - DEBUG - Checksum verification: 75%
2025-06-12 20:43:12,406 - FileProcessor_2 - DEBUG - Checksum verification: 25%
2025-06-12 20:43:13,283 - FileProcessor_1 - DEBUG - Checksum verification: 50%
2025-06-12 20:43:13,548 - FileProcessor_0 - DEBUG - Checksum verified successfully: Cheap Old Houses_S01E04_A Midcentury Gem Under $150K.mkv
2025-06-12 20:43:13,548 - FileProcessor_0 - DEBUG - Creating structure - Series: 'Cheap Old Houses', Season: 'Season 01', Episode: 'Episode 04', Type: 'season'
2025-06-12 20:43:13,550 - FileProcessor_0 - DEBUG - Created directory: /Volumes/barbossa/upload/tor/Cheap Old Houses - Season 01
2025-06-12 20:43:13,551 - FileProcessor_0 - INFO - Copying: Cheap Old Houses_S01E04_A Midcentury Gem Under $150K.mkv -> Cheap Old Houses - Season 01
2025-06-12 20:43:13,554 - FileProcessor_0 - DEBUG - Found rsync at: rsync
2025-06-12 20:43:13,555 - FileProcessor_0 - DEBUG - Running rsync: rsync -avh --progress --partial --inplace --sparse --compress /Volumes/barbossa/upload/upl/Cheap Old Houses/S01/Cheap Old Houses_S01E04_A Midcentury Gem Under $150K.mkv /Volumes/barbossa/upload/tor/Cheap Old Houses - Season 01/Cheap Old Houses_S01E04_A Midcentury Gem Under $150K.mkv
2025-06-12 20:43:13,571 - FileProcessor_2 - DEBUG - Checksum verification: 50%
2025-06-12 20:43:13,866 - FileProcessor_1 - DEBUG - Checksum verification: 75%
2025-06-12 20:43:14,011 - FileProcessor_2 - DEBUG - Checksum verification: 75%
2025-06-12 20:43:14,279 - FileProcessor_1 - DEBUG - Checksum verified successfully: Cheap Old Houses_S01E08_A Hotel for $8 a Square Foot.mkv
2025-06-12 20:43:14,279 - FileProcessor_1 - DEBUG - Creating structure - Series: 'Cheap Old Houses', Season: 'Season 01', Episode: 'Episode 08', Type: 'season'
2025-06-12 20:43:14,281 - FileProcessor_1 - DEBUG - Created directory: /Volumes/barbossa/upload/tor/Cheap Old Houses - Season 01
2025-06-12 20:43:14,281 - FileProcessor_1 - INFO - Copying: Cheap Old Houses_S01E08_A Hotel for $8 a Square Foot.mkv -> Cheap Old Houses - Season 01
2025-06-12 20:43:14,285 - FileProcessor_1 - DEBUG - Found rsync at: rsync
2025-06-12 20:43:14,286 - FileProcessor_1 - DEBUG - Running rsync: rsync -avh --progress --partial --inplace --sparse --compress /Volumes/barbossa/upload/upl/Cheap Old Houses/S01/Cheap Old Houses_S01E08_A Hotel for $8 a Square Foot.mkv /Volumes/barbossa/upload/tor/Cheap Old Houses - Season 01/Cheap Old Houses_S01E08_A Hotel for $8 a Square Foot.mkv
2025-06-12 20:43:14,415 - FileProcessor_2 - DEBUG - Checksum verified successfully: Cheap Old Houses_S01E05_Monster Midwest Mansions.mkv
2025-06-12 20:43:14,415 - FileProcessor_2 - DEBUG - Creating structure - Series: 'Cheap Old Houses', Season: 'Season 01', Episode: 'Episode 05', Type: 'season'
2025-06-12 20:43:14,417 - FileProcessor_2 - DEBUG - Created directory: /Volumes/barbossa/upload/tor/Cheap Old Houses - Season 01
2025-06-12 20:43:14,417 - FileProcessor_2 - INFO - Copying: Cheap Old Houses_S01E05_Monster Midwest Mansions.mkv -> Cheap Old Houses - Season 01
2025-06-12 20:43:14,421 - FileProcessor_2 - DEBUG - Found rsync at: rsync
2025-06-12 20:43:14,422 - FileProcessor_2 - DEBUG - Running rsync: rsync -avh --progress --partial --inplace --sparse --compress /Volumes/barbossa/upload/upl/Cheap Old Houses/S01/Cheap Old Houses_S01E05_Monster Midwest Mansions.mkv /Volumes/barbossa/upload/tor/Cheap Old Houses - Season 01/Cheap Old Houses_S01E05_Monster Midwest Mansions.mkv
2025-06-12 20:44:14,428 - FileProcessor_1 - INFO - rsync completed: Cheap Old Houses_S01E08_A Hotel for $8 a Square Foot.mkv (2,214,395,043 bytes) in 60.1s (35.1 MB/s)
2025-06-12 20:44:14,429 - FileProcessor_1 - DEBUG - Verifying checksum for Cheap Old Houses_S01E08_A Hotel for $8 a Square Foot.mkv (2,214,395,043 bytes)
2025-06-12 20:44:15,084 - FileProcessor_1 - DEBUG - Checksum verification: 25%
2025-06-12 20:44:15,428 - FileProcessor_0 - INFO - rsync completed: Cheap Old Houses_S01E04_A Midcentury Gem Under $150K.mkv (2,284,593,863 bytes) in 61.9s (35.2 MB/s)
2025-06-12 20:44:15,428 - FileProcessor_0 - DEBUG - Verifying checksum for Cheap Old Houses_S01E04_A Midcentury Gem Under $150K.mkv (2,284,593,863 bytes)
2025-06-12 20:44:15,737 - FileProcessor_1 - DEBUG - Checksum verification: 50%
2025-06-12 20:44:16,540 - FileProcessor_0 - DEBUG - Checksum verification: 25%
2025-06-12 20:44:16,682 - FileProcessor_1 - DEBUG - Checksum verification: 75%
2025-06-12 20:44:17,549 - FileProcessor_0 - DEBUG - Checksum verification: 50%
2025-06-12 20:44:17,690 - FileProcessor_1 - DEBUG - Checksum verified successfully: Cheap Old Houses_S01E08_A Hotel for $8 a Square Foot.mkv
2025-06-12 20:44:17,692 - FileProcessor_1 - DEBUG - Database updated: b1939b567e60f01fb524764ba4b1207667ffd424467185502aff7b852b7929fc -> /Volumes/barbossa/upload/tor/Cheap Old Houses - Season 01/Cheap Old Houses_S01E08_A Hotel for $8 a Square Foot.mkv
2025-06-12 20:44:17,710 - FileProcessor_1 - DEBUG - Processing: Cheap Old Houses_S01E07_Cheap Old Farmhouse Dreams!.mkv (2,196,037,878 bytes)
2025-06-12 20:44:17,710 - FileProcessor_1 - DEBUG - Disk space check passed. File: 2,196,037,878 bytes, Available: 65,194,559,537,152 bytes
2025-06-12 20:44:17,710 - FileProcessor_1 - DEBUG - Verifying checksum for Cheap Old Houses_S01E07_Cheap Old Farmhouse Dreams!.mkv (2,196,037,878 bytes)
2025-06-12 20:44:17,715 - MainThread - INFO - ✓ [4/10] Successfully processed: Cheap Old Houses_S01E08_A Hotel for $8 a Square Foot.mkv
2025-06-12 20:44:18,120 - FileProcessor_1 - DEBUG - Checksum verification: 25%
2025-06-12 20:44:18,300 - FileProcessor_2 - INFO - rsync completed: Cheap Old Houses_S01E05_Monster Midwest Mansions.mkv (2,359,735,681 bytes) in 63.9s (35.2 MB/s)
2025-06-12 20:44:18,301 - FileProcessor_2 - DEBUG - Verifying checksum for Cheap Old Houses_S01E05_Monster Midwest Mansions.mkv (2,359,735,681 bytes)
2025-06-12 20:44:18,445 - FileProcessor_0 - DEBUG - Checksum verification: 75%
2025-06-12 20:44:18,677 - FileProcessor_1 - DEBUG - Checksum verification: 50%
2025-06-12 20:44:19,219 - FileProcessor_1 - DEBUG - Checksum verification: 75%
2025-06-12 20:44:19,638 - FileProcessor_2 - DEBUG - Checksum verification: 25%
2025-06-12 20:44:19,655 - FileProcessor_0 - DEBUG - Checksum verified successfully: Cheap Old Houses_S01E04_A Midcentury Gem Under $150K.mkv
2025-06-12 20:44:19,656 - FileProcessor_0 - DEBUG - Database updated: 1c4b594a28206c269428530f0e1acb41341f071e876a03f65e91404c7e7313a4 -> /Volumes/barbossa/upload/tor/Cheap Old Houses - Season 01/Cheap Old Houses_S01E04_A Midcentury Gem Under $150K.mkv
2025-06-12 20:44:19,658 - FileProcessor_0 - DEBUG - Processing: Cheap Old Houses_S01E02_Peoria_ Cheap Old House Heaven.mkv (2,163,625,675 bytes)
2025-06-12 20:44:19,658 - FileProcessor_0 - DEBUG - Disk space check passed. File: 2,163,625,675 bytes, Available: 65,194,559,537,152 bytes
2025-06-12 20:44:19,658 - FileProcessor_0 - DEBUG - Verifying checksum for Cheap Old Houses_S01E02_Peoria_ Cheap Old House Heaven.mkv (2,163,625,675 bytes)
2025-06-12 20:44:19,659 - MainThread - INFO - ✓ [5/10] Successfully processed: Cheap Old Houses_S01E04_A Midcentury Gem Under $150K.mkv
2025-06-12 20:44:20,205 - FileProcessor_1 - DEBUG - Checksum verified successfully: Cheap Old Houses_S01E07_Cheap Old Farmhouse Dreams!.mkv
2025-06-12 20:44:20,205 - FileProcessor_1 - DEBUG - Creating structure - Series: 'Cheap Old Houses', Season: 'Season 01', Episode: 'Episode 07', Type: 'season'
2025-06-12 20:44:20,205 - FileProcessor_1 - DEBUG - Created directory: /Volumes/barbossa/upload/tor/Cheap Old Houses - Season 01
2025-06-12 20:44:20,206 - FileProcessor_1 - INFO - Copying: Cheap Old Houses_S01E07_Cheap Old Farmhouse Dreams!.mkv -> Cheap Old Houses - Season 01
2025-06-12 20:44:20,211 - FileProcessor_1 - DEBUG - Found rsync at: rsync
2025-06-12 20:44:20,212 - FileProcessor_1 - DEBUG - Running rsync: rsync -avh --progress --partial --inplace --sparse --compress /Volumes/barbossa/upload/upl/Cheap Old Houses/S01/Cheap Old Houses_S01E07_Cheap Old Farmhouse Dreams!.mkv /Volumes/barbossa/upload/tor/Cheap Old Houses - Season 01/Cheap Old Houses_S01E07_Cheap Old Farmhouse Dreams!.mkv
2025-06-12 20:44:20,389 - FileProcessor_0 - DEBUG - Checksum verification: 25%
2025-06-12 20:44:20,682 - FileProcessor_2 - DEBUG - Checksum verification: 50%
2025-06-12 20:44:20,782 - FileProcessor_0 - DEBUG - Checksum verification: 50%
2025-06-12 20:44:21,169 - FileProcessor_0 - DEBUG - Checksum verification: 75%
2025-06-12 20:44:21,484 - FileProcessor_2 - DEBUG - Checksum verification: 75%
2025-06-12 20:44:21,572 - FileProcessor_0 - DEBUG - Checksum verified successfully: Cheap Old Houses_S01E02_Peoria_ Cheap Old House Heaven.mkv
2025-06-12 20:44:21,572 - FileProcessor_0 - DEBUG - Creating structure - Series: 'Cheap Old Houses', Season: 'Season 01', Episode: 'Episode 02', Type: 'season'
2025-06-12 20:44:21,581 - FileProcessor_0 - DEBUG - Created directory: /Volumes/barbossa/upload/tor/Cheap Old Houses - Season 01
2025-06-12 20:44:21,583 - FileProcessor_0 - INFO - Copying: Cheap Old Houses_S01E02_Peoria_ Cheap Old House Heaven.mkv -> Cheap Old Houses - Season 01
2025-06-12 20:44:21,587 - FileProcessor_0 - DEBUG - Found rsync at: rsync
2025-06-12 20:44:21,588 - FileProcessor_0 - DEBUG - Running rsync: rsync -avh --progress --partial --inplace --sparse --compress /Volumes/barbossa/upload/upl/Cheap Old Houses/S01/Cheap Old Houses_S01E02_Peoria_ Cheap Old House Heaven.mkv /Volumes/barbossa/upload/tor/Cheap Old Houses - Season 01/Cheap Old Houses_S01E02_Peoria_ Cheap Old House Heaven.mkv
2025-06-12 20:44:22,190 - FileProcessor_2 - DEBUG - Checksum verified successfully: Cheap Old Houses_S01E05_Monster Midwest Mansions.mkv
2025-06-12 20:44:22,192 - FileProcessor_2 - DEBUG - Database updated: 27e51d66c3e44544f2cec7e157af10f3198fe2b8b6688c1f4f170356921b1dcd -> /Volumes/barbossa/upload/tor/Cheap Old Houses - Season 01/Cheap Old Houses_S01E05_Monster Midwest Mansions.mkv
2025-06-12 20:44:22,193 - FileProcessor_2 - DEBUG - Processing: Cheap Old Houses_S01E09_Cheap Old Barns and Ballrooms!.mkv (2,182,404,313 bytes)
2025-06-12 20:44:22,194 - FileProcessor_2 - DEBUG - Disk space check passed. File: 2,182,404,313 bytes, Available: 65,194,559,537,152 bytes
2025-06-12 20:44:22,194 - FileProcessor_2 - DEBUG - Verifying checksum for Cheap Old Houses_S01E09_Cheap Old Barns and Ballrooms!.mkv (2,182,404,313 bytes)
2025-06-12 20:44:22,194 - MainThread - INFO - ✓ [6/10] Successfully processed: Cheap Old Houses_S01E05_Monster Midwest Mansions.mkv
2025-06-12 20:44:22,943 - FileProcessor_2 - DEBUG - Checksum verification: 25%
2025-06-12 20:44:23,264 - FileProcessor_2 - DEBUG - Checksum verification: 50%
2025-06-12 20:44:23,574 - FileProcessor_2 - DEBUG - Checksum verification: 75%
2025-06-12 20:44:23,884 - FileProcessor_2 - DEBUG - Checksum verified successfully: Cheap Old Houses_S01E09_Cheap Old Barns and Ballrooms!.mkv
2025-06-12 20:44:23,884 - FileProcessor_2 - DEBUG - Creating structure - Series: 'Cheap Old Houses', Season: 'Season 01', Episode: 'Episode 09', Type: 'season'
2025-06-12 20:44:23,885 - FileProcessor_2 - DEBUG - Created directory: /Volumes/barbossa/upload/tor/Cheap Old Houses - Season 01
2025-06-12 20:44:23,885 - FileProcessor_2 - INFO - Copying: Cheap Old Houses_S01E09_Cheap Old Barns and Ballrooms!.mkv -> Cheap Old Houses - Season 01
2025-06-12 20:44:23,889 - FileProcessor_2 - DEBUG - Found rsync at: rsync
2025-06-12 20:44:23,889 - FileProcessor_2 - DEBUG - Running rsync: rsync -avh --progress --partial --inplace --sparse --compress /Volumes/barbossa/upload/upl/Cheap Old Houses/S01/Cheap Old Houses_S01E09_Cheap Old Barns and Ballrooms!.mkv /Volumes/barbossa/upload/tor/Cheap Old Houses - Season 01/Cheap Old Houses_S01E09_Cheap Old Barns and Ballrooms!.mkv
2025-06-12 20:45:21,234 - FileProcessor_1 - INFO - rsync completed: Cheap Old Houses_S01E07_Cheap Old Farmhouse Dreams!.mkv (2,196,037,878 bytes) in 61.0s (34.3 MB/s)
2025-06-12 20:45:21,235 - FileProcessor_1 - DEBUG - Verifying checksum for Cheap Old Houses_S01E07_Cheap Old Farmhouse Dreams!.mkv (2,196,037,878 bytes)
2025-06-12 20:45:21,663 - FileProcessor_0 - INFO - rsync completed: Cheap Old Houses_S01E02_Peoria_ Cheap Old House Heaven.mkv (2,163,625,675 bytes) in 60.1s (34.3 MB/s)
2025-06-12 20:45:21,663 - FileProcessor_0 - DEBUG - Verifying checksum for Cheap Old Houses_S01E02_Peoria_ Cheap Old House Heaven.mkv (2,163,625,675 bytes)
2025-06-12 20:45:22,017 - FileProcessor_1 - DEBUG - Checksum verification: 25%
2025-06-12 20:45:22,667 - FileProcessor_0 - DEBUG - Checksum verification: 25%
2025-06-12 20:45:22,958 - FileProcessor_1 - DEBUG - Checksum verification: 50%
2025-06-12 20:45:23,608 - FileProcessor_0 - DEBUG - Checksum verification: 50%
2025-06-12 20:45:23,911 - FileProcessor_1 - DEBUG - Checksum verification: 75%
2025-06-12 20:45:24,303 - FileProcessor_2 - INFO - rsync completed: Cheap Old Houses_S01E09_Cheap Old Barns and Ballrooms!.mkv (2,182,404,313 bytes) in 60.4s (34.5 MB/s)
2025-06-12 20:45:24,303 - FileProcessor_2 - DEBUG - Verifying checksum for Cheap Old Houses_S01E09_Cheap Old Barns and Ballrooms!.mkv (2,182,404,313 bytes)
2025-06-12 20:45:24,499 - FileProcessor_0 - DEBUG - Checksum verification: 75%
2025-06-12 20:45:24,917 - FileProcessor_1 - DEBUG - Checksum verified successfully: Cheap Old Houses_S01E07_Cheap Old Farmhouse Dreams!.mkv
2025-06-12 20:45:24,919 - FileProcessor_1 - DEBUG - Database updated: b8a33e4b770646c4a288011c8320e6dad979d67599358d510c584aff01a71221 -> /Volumes/barbossa/upload/tor/Cheap Old Houses - Season 01/Cheap Old Houses_S01E07_Cheap Old Farmhouse Dreams!.mkv
2025-06-12 20:45:24,964 - FileProcessor_1 - DEBUG - Processing: Cheap Old Houses_S01E10_The Cheapest Old House.mkv (2,206,126,580 bytes)
2025-06-12 20:45:24,964 - FileProcessor_1 - DEBUG - Disk space check passed. File: 2,206,126,580 bytes, Available: 65,187,344,617,472 bytes
2025-06-12 20:45:24,964 - FileProcessor_1 - DEBUG - Verifying checksum for Cheap Old Houses_S01E10_The Cheapest Old House.mkv (2,206,126,580 bytes)
2025-06-12 20:45:24,973 - MainThread - INFO - ✓ [7/10] Successfully processed: Cheap Old Houses_S01E07_Cheap Old Farmhouse Dreams!.mkv
2025-06-12 20:45:25,709 - FileProcessor_0 - DEBUG - Checksum verified successfully: Cheap Old Houses_S01E02_Peoria_ Cheap Old House Heaven.mkv
2025-06-12 20:45:25,710 - FileProcessor_0 - DEBUG - Database updated: 555e1faa50e7495220102771d54bb7a9925466177ca9b3d9ef19e5896b150935 -> /Volumes/barbossa/upload/tor/Cheap Old Houses - Season 01/Cheap Old Houses_S01E02_Peoria_ Cheap Old House Heaven.mkv
2025-06-12 20:45:25,714 - MainThread - INFO - ✓ [8/10] Successfully processed: Cheap Old Houses_S01E02_Peoria_ Cheap Old House Heaven.mkv
2025-06-12 20:45:25,973 - FileProcessor_2 - DEBUG - Checksum verification: 25%
2025-06-12 20:45:26,671 - FileProcessor_1 - DEBUG - Checksum verification: 25%
2025-06-12 20:45:27,030 - FileProcessor_2 - DEBUG - Checksum verification: 50%
2025-06-12 20:45:27,616 - FileProcessor_1 - DEBUG - Checksum verification: 50%
2025-06-12 20:45:28,016 - FileProcessor_2 - DEBUG - Checksum verification: 75%
2025-06-12 20:45:28,647 - FileProcessor_1 - DEBUG - Checksum verification: 75%
2025-06-12 20:45:29,015 - FileProcessor_2 - DEBUG - Checksum verified successfully: Cheap Old Houses_S01E09_Cheap Old Barns and Ballrooms!.mkv
2025-06-12 20:45:29,017 - FileProcessor_2 - DEBUG - Database updated: e1b567d1232ea5cde3ef9de22871cf8606134dcbf9827ca0f15a2b665fe52089 -> /Volumes/barbossa/upload/tor/Cheap Old Houses - Season 01/Cheap Old Houses_S01E09_Cheap Old Barns and Ballrooms!.mkv
2025-06-12 20:45:29,018 - MainThread - INFO - ✓ [9/10] Successfully processed: Cheap Old Houses_S01E09_Cheap Old Barns and Ballrooms!.mkv
2025-06-12 20:45:29,379 - FileProcessor_1 - DEBUG - Checksum verified successfully: Cheap Old Houses_S01E10_The Cheapest Old House.mkv
2025-06-12 20:45:29,379 - FileProcessor_1 - DEBUG - Creating structure - Series: 'Cheap Old Houses', Season: 'Season 01', Episode: 'Episode 10', Type: 'season'
2025-06-12 20:45:29,380 - FileProcessor_1 - DEBUG - Created directory: /Volumes/barbossa/upload/tor/Cheap Old Houses - Season 01
2025-06-12 20:45:29,380 - FileProcessor_1 - INFO - Copying: Cheap Old Houses_S01E10_The Cheapest Old House.mkv -> Cheap Old Houses - Season 01
2025-06-12 20:45:29,385 - FileProcessor_1 - DEBUG - Found rsync at: rsync
2025-06-12 20:45:29,385 - FileProcessor_1 - DEBUG - Running rsync: rsync -avh --progress --partial --inplace --sparse --compress /Volumes/barbossa/upload/upl/Cheap Old Houses/S01/Cheap Old Houses_S01E10_The Cheapest Old House.mkv /Volumes/barbossa/upload/tor/Cheap Old Houses - Season 01/Cheap Old Houses_S01E10_The Cheapest Old House.mkv
2025-06-12 20:46:18,243 - FileProcessor_1 - INFO - rsync completed: Cheap Old Houses_S01E10_The Cheapest Old House.mkv (2,206,126,580 bytes) in 48.9s (43.1 MB/s)
2025-06-12 20:46:18,243 - FileProcessor_1 - DEBUG - Verifying checksum for Cheap Old Houses_S01E10_The Cheapest Old House.mkv (2,206,126,580 bytes)
2025-06-12 20:46:18,991 - FileProcessor_1 - DEBUG - Checksum verification: 25%
2025-06-12 20:46:19,709 - FileProcessor_1 - DEBUG - Checksum verification: 50%
2025-06-12 20:46:20,439 - FileProcessor_1 - DEBUG - Checksum verification: 75%
2025-06-12 20:46:21,145 - FileProcessor_1 - DEBUG - Checksum verified successfully: Cheap Old Houses_S01E10_The Cheapest Old House.mkv
2025-06-12 20:46:21,147 - FileProcessor_1 - DEBUG - Database updated: d3bee506edcee125716935fe9986c8d73f6cfdfc890de5b82e20507cf28c54c8 -> /Volumes/barbossa/upload/tor/Cheap Old Houses - Season 01/Cheap Old Houses_S01E10_The Cheapest Old House.mkv
2025-06-12 20:46:21,150 - MainThread - INFO - ✓ [10/10] Successfully processed: Cheap Old Houses_S01E10_The Cheapest Old House.mkv
2025-06-12 20:46:21,150 - MainThread - DEBUG - Waiting for all tasks to complete...
2025-06-12 20:46:21,150 - MainThread - INFO - === Process completed ===
2025-06-12 20:46:21,150 - MainThread - INFO - Total time: 262.2 seconds (4.4 minutes)
2025-06-12 20:46:21,150 - MainThread - INFO - Results: 10 successful, 0 failed
2025-06-12 20:46:21,150 - MainThread - INFO - Data processed: 20.90 GB
2025-06-12 20:46:21,150 - MainThread - INFO - Average speed: 81.6 MB/s
2025-06-12 20:46:21,150 - MainThread - INFO - All files processed successfully!
