2025-06-12 09:56:21,855 - INFO - Starting oil_change process
2025-06-12 09:56:21,856 - WARNING - No media files found in: /Volumes/barbossa/upload/upl/Cheap Old Houses/S01/Cheap Old Houses_S01E09_Cheap Old Barns and Ballrooms!.mkv
2025-06-12 09:56:21,856 - WARNING - No media files found in: /Volumes/barbossa/upload/upl/Cheap Old Houses/S01/Cheap Old Houses_S01E10_The Cheapest Old House.mkv
2025-06-12 09:56:21,856 - WARNING - No media files found in: /Volumes/barbossa/upload/upl/Cheap Old Houses/S01/Cheap Old Houses_S01E02_Peoria_ Cheap Old House Heaven.mkv
2025-06-12 09:56:21,856 - WARNING - No media files found in: /Volumes/barbossa/upload/upl/Cheap Old Houses/S01/Cheap Old Houses_S01E01_Time Warp in Upstate New York.mkv
2025-06-12 09:56:21,856 - WARNING - No media files found in: /Volumes/barbossa/upload/upl/Cheap Old Houses/S01/Cheap Old Houses_S01E07_Cheap Old Farmhouse Dreams!.mkv
2025-06-12 09:56:21,856 - WARNING - No media files found in: /Volumes/barbossa/upload/upl/Cheap Old Houses/S01/Cheap Old Houses_S01E06_Playful Indiana Victorians.mkv
2025-06-12 09:56:21,856 - WARNING - No media files found in: /Volumes/barbossa/upload/upl/Cheap Old Houses/S01/Cheap Old Houses_S01E04_A Midcentury Gem Under $150K.mkv
2025-06-12 09:56:21,857 - WARNING - No media files found in: /Volumes/barbossa/upload/upl/Cheap Old Houses/S01/Cheap Old Houses_S01E03_ITS_ SO_ OLD_ Built in 1750.mkv
2025-06-12 09:56:21,857 - WARNING - No media files found in: /Volumes/barbossa/upload/upl/Cheap Old Houses/S01/Cheap Old Houses_S01E08_A Hotel for $8 a Square Foot.mkv
2025-06-12 09:56:21,857 - WARNING - No media files found in: /Volumes/barbossa/upload/upl/Cheap Old Houses/S01/Cheap Old Houses_S01E05_Monster Midwest Mansions.mkv
2025-06-12 09:56:21,857 - INFO - Process completed: 0/10 successful
2025-06-12 09:57:12,818 - INFO - Starting oil_change process
2025-06-12 09:58:23,975 - ERROR - Copy failed /Volumes/barbossa/upload/upl/Cheap Old Houses/S01/Cheap Old Houses_S01E03_ITS_ SO_ OLD_ Built in 1750.mkv -> /volumes/barbossa/upload/tor/Cheap Old Houses - Season 01/Cheap Old Houses_S01E03_ITS_ SO_ OLD_ Built in 1750.mkv: [Errno 57] Socket is not connected
2025-06-12 09:58:23,975 - ERROR - Failed to copy files for b3d6ac6c9a2a6292f91a9b121179317dc47f705e53f1441746afd41c2c8404a8
2025-06-12 09:58:23,975 - WARNING - Source path missing or not found: /Volumes/barbossa/upload/upl/Cheap Old Houses/S01/Cheap Old Houses_S01E05_Monster Midwest Mansions.mkv
2025-06-12 09:58:23,975 - WARNING - Source path missing or not found: /Volumes/barbossa/upload/upl/Cheap Old Houses/S01/Cheap Old Houses_S01E08_A Hotel for $8 a Square Foot.mkv
2025-06-12 09:58:23,984 - ERROR - Copy failed /Volumes/barbossa/upload/upl/Cheap Old Houses/S01/Cheap Old Houses_S01E01_Time Warp in Upstate New York.mkv -> /volumes/barbossa/upload/tor/Cheap Old Houses - Season 01/Cheap Old Houses_S01E01_Time Warp in Upstate New York.mkv: [Errno 57] Socket is not connected
2025-06-12 09:58:23,984 - ERROR - Failed to copy files for a698c874540bf46239a7d867f1742cf92353f7c1cc9ad30cd6880a16e6a1e3ae
2025-06-12 09:58:24,057 - ERROR - Copy failed /Volumes/barbossa/upload/upl/Cheap Old Houses/S01/Cheap Old Houses_S01E10_The Cheapest Old House.mkv -> /volumes/barbossa/upload/tor/Cheap Old Houses - Season 01/Cheap Old Houses_S01E10_The Cheapest Old House.mkv: [Errno 57] Socket is not connected
2025-06-12 09:58:24,057 - ERROR - Failed to copy files for d3bee506edcee125716935fe9986c8d73f6cfdfc890de5b82e20507cf28c54c8
2025-06-12 09:58:24,068 - ERROR - Copy failed /Volumes/barbossa/upload/upl/Cheap Old Houses/S01/Cheap Old Houses_S01E09_Cheap Old Barns and Ballrooms!.mkv -> /volumes/barbossa/upload/tor/Cheap Old Houses - Season 01/Cheap Old Houses_S01E09_Cheap Old Barns and Ballrooms!.mkv: [Errno 57] Socket is not connected
2025-06-12 09:58:24,068 - ERROR - Failed to copy files for e1b567d1232ea5cde3ef9de22871cf8606134dcbf9827ca0f15a2b665fe52089
2025-06-12 09:58:24,103 - ERROR - Copy failed /Volumes/barbossa/upload/upl/Cheap Old Houses/S01/Cheap Old Houses_S01E04_A Midcentury Gem Under $150K.mkv -> /volumes/barbossa/upload/tor/Cheap Old Houses - Season 01/Cheap Old Houses_S01E04_A Midcentury Gem Under $150K.mkv: [Errno 5] Input/output error: '/Volumes/barbossa/upload/upl/Cheap Old Houses/S01/Cheap Old Houses_S01E04_A Midcentury Gem Under $150K.mkv' -> '/volumes/barbossa/upload/tor/Cheap Old Houses - Season 01/Cheap Old Houses_S01E04_A Midcentury Gem Under $150K.mkv'
2025-06-12 09:58:24,103 - ERROR - Failed to copy files for 1c4b594a28206c269428530f0e1acb41341f071e876a03f65e91404c7e7313a4
2025-06-12 09:58:24,132 - ERROR - Copy failed /Volumes/barbossa/upload/upl/Cheap Old Houses/S01/Cheap Old Houses_S01E02_Peoria_ Cheap Old House Heaven.mkv -> /volumes/barbossa/upload/tor/Cheap Old Houses - Season 01/Cheap Old Houses_S01E02_Peoria_ Cheap Old House Heaven.mkv: [Errno 5] Input/output error: '/Volumes/barbossa/upload/upl/Cheap Old Houses/S01/Cheap Old Houses_S01E02_Peoria_ Cheap Old House Heaven.mkv' -> '/volumes/barbossa/upload/tor/Cheap Old Houses - Season 01/Cheap Old Houses_S01E02_Peoria_ Cheap Old House Heaven.mkv'
2025-06-12 09:58:24,132 - ERROR - Failed to copy files for 555e1faa50e7495220102771d54bb7a9925466177ca9b3d9ef19e5896b150935
2025-06-12 09:58:24,152 - ERROR - Copy failed /Volumes/barbossa/upload/upl/Cheap Old Houses/S01/Cheap Old Houses_S01E06_Playful Indiana Victorians.mkv -> /volumes/barbossa/upload/tor/Cheap Old Houses - Season 01/Cheap Old Houses_S01E06_Playful Indiana Victorians.mkv: [Errno 5] Input/output error: '/Volumes/barbossa/upload/upl/Cheap Old Houses/S01/Cheap Old Houses_S01E06_Playful Indiana Victorians.mkv' -> '/volumes/barbossa/upload/tor/Cheap Old Houses - Season 01/Cheap Old Houses_S01E06_Playful Indiana Victorians.mkv'
2025-06-12 09:58:24,152 - ERROR - Failed to copy files for 62a9d2761874df1cc5c7b43b881d3e833945c868421008e74abc13657811adc3
2025-06-12 09:58:24,172 - ERROR - Copy failed /Volumes/barbossa/upload/upl/Cheap Old Houses/S01/Cheap Old Houses_S01E07_Cheap Old Farmhouse Dreams!.mkv -> /volumes/barbossa/upload/tor/Cheap Old Houses - Season 01/Cheap Old Houses_S01E07_Cheap Old Farmhouse Dreams!.mkv: [Errno 5] Input/output error: '/Volumes/barbossa/upload/upl/Cheap Old Houses/S01/Cheap Old Houses_S01E07_Cheap Old Farmhouse Dreams!.mkv' -> '/volumes/barbossa/upload/tor/Cheap Old Houses - Season 01/Cheap Old Houses_S01E07_Cheap Old Farmhouse Dreams!.mkv'
2025-06-12 09:58:24,172 - ERROR - Failed to copy files for b8a33e4b770646c4a288011c8320e6dad979d67599358d510c584aff01a71221
2025-06-12 09:58:24,173 - INFO - Process completed: 0/10 successful
2025-06-12 09:58:35,978 - INFO - Starting oil_change process
