2025-06-13 17:45:00,605 - INFO - Starting spoon_engine
2025-06-13 17:45:00,606 - INFO - Processing: Who's Afraid of a Cheap Old House__S01E06_American Dream Home.mkv
2025-06-13 17:45:00,606 - INFO - Processing: Who's Afraid of a Cheap Old House__S01E05_A Cat Couple's Quest.mkv
2025-06-13 17:45:00,606 - INFO - Processing: Who's Afraid of a Cheap Old House__S01E04_Harmonious Old House.mkv
2025-06-13 17:45:00,606 - INFO - Processing: Who's Afraid of a Cheap Old House__S01E08_Grand Historic Renovation.mkv
2025-06-13 17:45:00,606 - INFO - Processing: Who's Afraid of a Cheap Old House__S01E03_From City to Rural Residence.mkv
2025-06-13 17:45:00,608 - INFO - Processing: Who's Afraid of a Cheap Old House__S01E01_Unconventional Into Dream Home.mkv
2025-06-13 17:45:00,613 - INFO - Processing: Who's Afraid of a Cheap Old House__S01E07_Cheap Old Rainbow House.mkv
2025-06-13 17:45:00,613 - INFO - Processing: Who's Afraid of a Cheap Old House__S01E02_Nostalgic Hometown Hunt.mkv
2025-06-13 17:45:00,661 - ERROR - Playback test failed: /Volumes/barbossa/upload/tor/Who's Afraid of a Cheap Old House - Season 01/Whos.Afraid.of.a.Cheap.Old.House.S01E08.1080p.AMZN.WEB-DL.H264.EAC3-PLZRWD.mkv - [in#0 @ 0x600003574a00] Error opening input: No such file or directory
Error opening input file /Volumes/barbossa/upload/tor/Who's Afraid of a Cheap Old House - Season 01/Whos.Afraid.of.a.Cheap.Old.House.S01E08.1080p.AMZN.WEB-DL.H264.EAC3-PLZRWD.mkv.
Error opening input files: No such file or directory

2025-06-13 17:45:00,661 - ERROR - Playback test failed: /Volumes/barbossa/upload/tor/Who's Afraid of a Cheap Old House - Season 01/Whos.Afraid.of.a.Cheap.Old.House.S01E05.1080p.AMZN.WEB-DL.H264.EAC3-PLZRWD.mkv - [in#0 @ 0x600000a08300] Error opening input: No such file or directory
Error opening input file /Volumes/barbossa/upload/tor/Who's Afraid of a Cheap Old House - Season 01/Whos.Afraid.of.a.Cheap.Old.House.S01E05.1080p.AMZN.WEB-DL.H264.EAC3-PLZRWD.mkv.
Error opening input files: No such file or directory

2025-06-13 17:45:00,661 - ERROR - Playback test failed: /Volumes/barbossa/upload/tor/Who's Afraid of a Cheap Old House - Season 01/Whos.Afraid.of.a.Cheap.Old.House.S01E06.1080p.AMZN.WEB-DL.H264.EAC3-PLZRWD.mkv - [in#0 @ 0x600003c70a00] Error opening input: No such file or directory
Error opening input file /Volumes/barbossa/upload/tor/Who's Afraid of a Cheap Old House - Season 01/Whos.Afraid.of.a.Cheap.Old.House.S01E06.1080p.AMZN.WEB-DL.H264.EAC3-PLZRWD.mkv.
Error opening input files: No such file or directory

2025-06-13 17:45:00,661 - ERROR - Playback test failed: /Volumes/barbossa/upload/tor/Who's Afraid of a Cheap Old House - Season 01/Whos.Afraid.of.a.Cheap.Old.House.S01E03.1080p.AMZN.WEB-DL.H264.EAC3-PLZRWD.mkv - [in#0 @ 0x600001c4c600] Error opening input: No such file or directory
Error opening input file /Volumes/barbossa/upload/tor/Who's Afraid of a Cheap Old House - Season 01/Whos.Afraid.of.a.Cheap.Old.House.S01E03.1080p.AMZN.WEB-DL.H264.EAC3-PLZRWD.mkv.
Error opening input files: No such file or directory

2025-06-13 17:45:00,663 - ERROR - Playback test failed: /Volumes/barbossa/upload/tor/Who's Afraid of a Cheap Old House - Season 01/Whos.Afraid.of.a.Cheap.Old.House.S01E04.1080p.AMZN.WEB-DL.H264.EAC3-PLZRWD.mkv - [in#0 @ 0x6000034b0a00] Error opening input: No such file or directory
Error opening input file /Volumes/barbossa/upload/tor/Who's Afraid of a Cheap Old House - Season 01/Whos.Afraid.of.a.Cheap.Old.House.S01E04.1080p.AMZN.WEB-DL.H264.EAC3-PLZRWD.mkv.
Error opening input files: No such file or directory

2025-06-13 17:45:00,664 - ERROR - Playback test failed: /Volumes/barbossa/upload/tor/Who's Afraid of a Cheap Old House - Season 01/Whos.Afraid.of.a.Cheap.Old.House.S01E01.1080p.AMZN.WEB-DL.H264.EAC3-PLZRWD.mkv - [in#0 @ 0x600002cd8600] Error opening input: No such file or directory
Error opening input file /Volumes/barbossa/upload/tor/Who's Afraid of a Cheap Old House - Season 01/Whos.Afraid.of.a.Cheap.Old.House.S01E01.1080p.AMZN.WEB-DL.H264.EAC3-PLZRWD.mkv.
Error opening input files: No such file or directory

